Determining if the pthread_create exist failed with the following output:
Change Dir: /root/catkin_ws/build/CMakeFiles/CMakeTmp

Run Build Command:"/usr/bin/make" "cmTC_a2ada/fast"
/usr/bin/make -f CMakeFiles/cmTC_a2ada.dir/build.make CMakeFiles/cmTC_a2ada.dir/build
make[1]: Entering directory '/root/catkin_ws/build/CMakeFiles/CMakeTmp'
Building C object CMakeFiles/cmTC_a2ada.dir/CheckSymbolExists.c.o
/usr/bin/cc     -o CMakeFiles/cmTC_a2ada.dir/CheckSymbolExists.c.o   -c /root/catkin_ws/build/CMakeFiles/CMakeTmp/CheckSymbolExists.c
Linking C executable cmTC_a2ada
/usr/bin/cmake -E cmake_link_script CMakeFiles/cmTC_a2ada.dir/link.txt --verbose=1
/usr/bin/cc       CMakeFiles/cmTC_a2ada.dir/CheckSymbolExists.c.o  -o cmTC_a2ada -rdynamic 
CMakeFiles/cmTC_a2ada.dir/CheckSymbolExists.c.o: In function `main':
CheckSymbolExists.c:(.text+0x16): undefined reference to `pthread_create'
collect2: error: ld returned 1 exit status
CMakeFiles/cmTC_a2ada.dir/build.make:97: recipe for target 'cmTC_a2ada' failed
make[1]: *** [cmTC_a2ada] Error 1
make[1]: Leaving directory '/root/catkin_ws/build/CMakeFiles/CMakeTmp'
Makefile:126: recipe for target 'cmTC_a2ada/fast' failed
make: *** [cmTC_a2ada/fast] Error 2

File /root/catkin_ws/build/CMakeFiles/CMakeTmp/CheckSymbolExists.c:
/* */
#include <pthread.h>

int main(int argc, char** argv)
{
  (void)argv;
#ifndef pthread_create
  return ((int*)(&pthread_create))[argc];
#else
  (void)argc;
  return 0;
#endif
}

Determining if the function pthread_create exists in the pthreads failed with the following output:
Change Dir: /root/catkin_ws/build/CMakeFiles/CMakeTmp

Run Build Command:"/usr/bin/make" "cmTC_0cf20/fast"
/usr/bin/make -f CMakeFiles/cmTC_0cf20.dir/build.make CMakeFiles/cmTC_0cf20.dir/build
make[1]: Entering directory '/root/catkin_ws/build/CMakeFiles/CMakeTmp'
Building C object CMakeFiles/cmTC_0cf20.dir/CheckFunctionExists.c.o
/usr/bin/cc    -DCHECK_FUNCTION_EXISTS=pthread_create   -o CMakeFiles/cmTC_0cf20.dir/CheckFunctionExists.c.o   -c /usr/share/cmake-3.5/Modules/CheckFunctionExists.c
Linking C executable cmTC_0cf20
/usr/bin/cmake -E cmake_link_script CMakeFiles/cmTC_0cf20.dir/link.txt --verbose=1
/usr/bin/cc   -DCHECK_FUNCTION_EXISTS=pthread_create    CMakeFiles/cmTC_0cf20.dir/CheckFunctionExists.c.o  -o cmTC_0cf20 -rdynamic -lpthreads 
/usr/bin/ld: cannot find -lpthreads
collect2: error: ld returned 1 exit status
CMakeFiles/cmTC_0cf20.dir/build.make:97: recipe for target 'cmTC_0cf20' failed
make[1]: *** [cmTC_0cf20] Error 1
make[1]: Leaving directory '/root/catkin_ws/build/CMakeFiles/CMakeTmp'
Makefile:126: recipe for target 'cmTC_0cf20/fast' failed
make: *** [cmTC_0cf20/fast] Error 2


Determining if the CL_VERSION_2_0 exist failed with the following output:
Change Dir: /root/catkin_ws/build/CMakeFiles/CMakeTmp

Run Build Command:"/usr/bin/make" "cmTC_920c6/fast"
/usr/bin/make -f CMakeFiles/cmTC_920c6.dir/build.make CMakeFiles/cmTC_920c6.dir/build
make[1]: Entering directory '/root/catkin_ws/build/CMakeFiles/CMakeTmp'
Building C object CMakeFiles/cmTC_920c6.dir/CheckSymbolExists.c.o
/usr/bin/cc     -o CMakeFiles/cmTC_920c6.dir/CheckSymbolExists.c.o   -c /root/catkin_ws/build/CMakeFiles/CMakeTmp/CheckSymbolExists.c
/root/catkin_ws/build/CMakeFiles/CMakeTmp/CheckSymbolExists.c:2:47: fatal error: OpenCL_INCLUDE_DIR-NOTFOUND/CL/cl.h: No such file or directory
compilation terminated.
CMakeFiles/cmTC_920c6.dir/build.make:65: recipe for target 'CMakeFiles/cmTC_920c6.dir/CheckSymbolExists.c.o' failed
make[1]: *** [CMakeFiles/cmTC_920c6.dir/CheckSymbolExists.c.o] Error 1
make[1]: Leaving directory '/root/catkin_ws/build/CMakeFiles/CMakeTmp'
Makefile:126: recipe for target 'cmTC_920c6/fast' failed
make: *** [cmTC_920c6/fast] Error 2

File /root/catkin_ws/build/CMakeFiles/CMakeTmp/CheckSymbolExists.c:
/* */
#include <OpenCL_INCLUDE_DIR-NOTFOUND/CL/cl.h>

int main(int argc, char** argv)
{
  (void)argv;
#ifndef CL_VERSION_2_0
  return ((int*)(&CL_VERSION_2_0))[argc];
#else
  (void)argc;
  return 0;
#endif
}

Determining if the CL_VERSION_1_2 exist failed with the following output:
Change Dir: /root/catkin_ws/build/CMakeFiles/CMakeTmp

Run Build Command:"/usr/bin/make" "cmTC_14883/fast"
/usr/bin/make -f CMakeFiles/cmTC_14883.dir/build.make CMakeFiles/cmTC_14883.dir/build
make[1]: Entering directory '/root/catkin_ws/build/CMakeFiles/CMakeTmp'
Building C object CMakeFiles/cmTC_14883.dir/CheckSymbolExists.c.o
/usr/bin/cc     -o CMakeFiles/cmTC_14883.dir/CheckSymbolExists.c.o   -c /root/catkin_ws/build/CMakeFiles/CMakeTmp/CheckSymbolExists.c
/root/catkin_ws/build/CMakeFiles/CMakeTmp/CheckSymbolExists.c:2:47: fatal error: OpenCL_INCLUDE_DIR-NOTFOUND/CL/cl.h: No such file or directory
compilation terminated.
CMakeFiles/cmTC_14883.dir/build.make:65: recipe for target 'CMakeFiles/cmTC_14883.dir/CheckSymbolExists.c.o' failed
make[1]: *** [CMakeFiles/cmTC_14883.dir/CheckSymbolExists.c.o] Error 1
make[1]: Leaving directory '/root/catkin_ws/build/CMakeFiles/CMakeTmp'
Makefile:126: recipe for target 'cmTC_14883/fast' failed
make: *** [cmTC_14883/fast] Error 2

File /root/catkin_ws/build/CMakeFiles/CMakeTmp/CheckSymbolExists.c:
/* */
#include <OpenCL_INCLUDE_DIR-NOTFOUND/CL/cl.h>

int main(int argc, char** argv)
{
  (void)argv;
#ifndef CL_VERSION_1_2
  return ((int*)(&CL_VERSION_1_2))[argc];
#else
  (void)argc;
  return 0;
#endif
}

Determining if the CL_VERSION_1_1 exist failed with the following output:
Change Dir: /root/catkin_ws/build/CMakeFiles/CMakeTmp

Run Build Command:"/usr/bin/make" "cmTC_a9037/fast"
/usr/bin/make -f CMakeFiles/cmTC_a9037.dir/build.make CMakeFiles/cmTC_a9037.dir/build
make[1]: Entering directory '/root/catkin_ws/build/CMakeFiles/CMakeTmp'
Building C object CMakeFiles/cmTC_a9037.dir/CheckSymbolExists.c.o
/usr/bin/cc     -o CMakeFiles/cmTC_a9037.dir/CheckSymbolExists.c.o   -c /root/catkin_ws/build/CMakeFiles/CMakeTmp/CheckSymbolExists.c
/root/catkin_ws/build/CMakeFiles/CMakeTmp/CheckSymbolExists.c:2:47: fatal error: OpenCL_INCLUDE_DIR-NOTFOUND/CL/cl.h: No such file or directory
compilation terminated.
CMakeFiles/cmTC_a9037.dir/build.make:65: recipe for target 'CMakeFiles/cmTC_a9037.dir/CheckSymbolExists.c.o' failed
make[1]: *** [CMakeFiles/cmTC_a9037.dir/CheckSymbolExists.c.o] Error 1
make[1]: Leaving directory '/root/catkin_ws/build/CMakeFiles/CMakeTmp'
Makefile:126: recipe for target 'cmTC_a9037/fast' failed
make: *** [cmTC_a9037/fast] Error 2

File /root/catkin_ws/build/CMakeFiles/CMakeTmp/CheckSymbolExists.c:
/* */
#include <OpenCL_INCLUDE_DIR-NOTFOUND/CL/cl.h>

int main(int argc, char** argv)
{
  (void)argv;
#ifndef CL_VERSION_1_1
  return ((int*)(&CL_VERSION_1_1))[argc];
#else
  (void)argc;
  return 0;
#endif
}

Determining if the CL_VERSION_1_0 exist failed with the following output:
Change Dir: /root/catkin_ws/build/CMakeFiles/CMakeTmp

Run Build Command:"/usr/bin/make" "cmTC_ae809/fast"
/usr/bin/make -f CMakeFiles/cmTC_ae809.dir/build.make CMakeFiles/cmTC_ae809.dir/build
make[1]: Entering directory '/root/catkin_ws/build/CMakeFiles/CMakeTmp'
Building C object CMakeFiles/cmTC_ae809.dir/CheckSymbolExists.c.o
/usr/bin/cc     -o CMakeFiles/cmTC_ae809.dir/CheckSymbolExists.c.o   -c /root/catkin_ws/build/CMakeFiles/CMakeTmp/CheckSymbolExists.c
/root/catkin_ws/build/CMakeFiles/CMakeTmp/CheckSymbolExists.c:2:47: fatal error: OpenCL_INCLUDE_DIR-NOTFOUND/CL/cl.h: No such file or directory
compilation terminated.
CMakeFiles/cmTC_ae809.dir/build.make:65: recipe for target 'CMakeFiles/cmTC_ae809.dir/CheckSymbolExists.c.o' failed
make[1]: *** [CMakeFiles/cmTC_ae809.dir/CheckSymbolExists.c.o] Error 1
make[1]: Leaving directory '/root/catkin_ws/build/CMakeFiles/CMakeTmp'
Makefile:126: recipe for target 'cmTC_ae809/fast' failed
make: *** [cmTC_ae809/fast] Error 2

File /root/catkin_ws/build/CMakeFiles/CMakeTmp/CheckSymbolExists.c:
/* */
#include <OpenCL_INCLUDE_DIR-NOTFOUND/CL/cl.h>

int main(int argc, char** argv)
{
  (void)argv;
#ifndef CL_VERSION_1_0
  return ((int*)(&CL_VERSION_1_0))[argc];
#else
  (void)argc;
  return 0;
#endif
}

Determining if the Q_WS_WIN exist failed with the following output:
Change Dir: /root/catkin_ws/build/CMakeFiles/CMakeTmp

Run Build Command:"/usr/bin/make" "cmTC_e306d/fast"
/usr/bin/make -f CMakeFiles/cmTC_e306d.dir/build.make CMakeFiles/cmTC_e306d.dir/build
make[1]: Entering directory '/root/catkin_ws/build/CMakeFiles/CMakeTmp'
Building CXX object CMakeFiles/cmTC_e306d.dir/CheckSymbolExists.cxx.o
/usr/bin/c++    -I/usr/include/qt4   -o CMakeFiles/cmTC_e306d.dir/CheckSymbolExists.cxx.o -c /root/catkin_ws/build/CMakeFiles/CMakeTmp/CheckSymbolExists.cxx
/root/catkin_ws/build/CMakeFiles/CMakeTmp/CheckSymbolExists.cxx: In function ‘int main(int, char**)’:
/root/catkin_ws/build/CMakeFiles/CMakeTmp/CheckSymbolExists.cxx:8:19: error: ‘Q_WS_WIN’ was not declared in this scope
   return ((int*)(&Q_WS_WIN))[argc];
                   ^
CMakeFiles/cmTC_e306d.dir/build.make:65: recipe for target 'CMakeFiles/cmTC_e306d.dir/CheckSymbolExists.cxx.o' failed
make[1]: *** [CMakeFiles/cmTC_e306d.dir/CheckSymbolExists.cxx.o] Error 1
make[1]: Leaving directory '/root/catkin_ws/build/CMakeFiles/CMakeTmp'
Makefile:126: recipe for target 'cmTC_e306d/fast' failed
make: *** [cmTC_e306d/fast] Error 2

File /root/catkin_ws/build/CMakeFiles/CMakeTmp/CheckSymbolExists.cxx:
/* */
#include <QtCore/qglobal.h>

int main(int argc, char** argv)
{
  (void)argv;
#ifndef Q_WS_WIN
  return ((int*)(&Q_WS_WIN))[argc];
#else
  (void)argc;
  return 0;
#endif
}

Determining if the Q_WS_QWS exist failed with the following output:
Change Dir: /root/catkin_ws/build/CMakeFiles/CMakeTmp

Run Build Command:"/usr/bin/make" "cmTC_fb250/fast"
/usr/bin/make -f CMakeFiles/cmTC_fb250.dir/build.make CMakeFiles/cmTC_fb250.dir/build
make[1]: Entering directory '/root/catkin_ws/build/CMakeFiles/CMakeTmp'
Building CXX object CMakeFiles/cmTC_fb250.dir/CheckSymbolExists.cxx.o
/usr/bin/c++    -I/usr/include/qt4   -o CMakeFiles/cmTC_fb250.dir/CheckSymbolExists.cxx.o -c /root/catkin_ws/build/CMakeFiles/CMakeTmp/CheckSymbolExists.cxx
/root/catkin_ws/build/CMakeFiles/CMakeTmp/CheckSymbolExists.cxx: In function ‘int main(int, char**)’:
/root/catkin_ws/build/CMakeFiles/CMakeTmp/CheckSymbolExists.cxx:8:19: error: ‘Q_WS_QWS’ was not declared in this scope
   return ((int*)(&Q_WS_QWS))[argc];
                   ^
CMakeFiles/cmTC_fb250.dir/build.make:65: recipe for target 'CMakeFiles/cmTC_fb250.dir/CheckSymbolExists.cxx.o' failed
make[1]: *** [CMakeFiles/cmTC_fb250.dir/CheckSymbolExists.cxx.o] Error 1
make[1]: Leaving directory '/root/catkin_ws/build/CMakeFiles/CMakeTmp'
Makefile:126: recipe for target 'cmTC_fb250/fast' failed
make: *** [cmTC_fb250/fast] Error 2

File /root/catkin_ws/build/CMakeFiles/CMakeTmp/CheckSymbolExists.cxx:
/* */
#include <QtCore/qglobal.h>

int main(int argc, char** argv)
{
  (void)argv;
#ifndef Q_WS_QWS
  return ((int*)(&Q_WS_QWS))[argc];
#else
  (void)argc;
  return 0;
#endif
}

Determining if the Q_WS_MAC exist failed with the following output:
Change Dir: /root/catkin_ws/build/CMakeFiles/CMakeTmp

Run Build Command:"/usr/bin/make" "cmTC_f9fc2/fast"
/usr/bin/make -f CMakeFiles/cmTC_f9fc2.dir/build.make CMakeFiles/cmTC_f9fc2.dir/build
make[1]: Entering directory '/root/catkin_ws/build/CMakeFiles/CMakeTmp'
Building CXX object CMakeFiles/cmTC_f9fc2.dir/CheckSymbolExists.cxx.o
/usr/bin/c++    -I/usr/include/qt4   -o CMakeFiles/cmTC_f9fc2.dir/CheckSymbolExists.cxx.o -c /root/catkin_ws/build/CMakeFiles/CMakeTmp/CheckSymbolExists.cxx
/root/catkin_ws/build/CMakeFiles/CMakeTmp/CheckSymbolExists.cxx: In function ‘int main(int, char**)’:
/root/catkin_ws/build/CMakeFiles/CMakeTmp/CheckSymbolExists.cxx:8:19: error: ‘Q_WS_MAC’ was not declared in this scope
   return ((int*)(&Q_WS_MAC))[argc];
                   ^
CMakeFiles/cmTC_f9fc2.dir/build.make:65: recipe for target 'CMakeFiles/cmTC_f9fc2.dir/CheckSymbolExists.cxx.o' failed
make[1]: *** [CMakeFiles/cmTC_f9fc2.dir/CheckSymbolExists.cxx.o] Error 1
make[1]: Leaving directory '/root/catkin_ws/build/CMakeFiles/CMakeTmp'
Makefile:126: recipe for target 'cmTC_f9fc2/fast' failed
make: *** [cmTC_f9fc2/fast] Error 2

File /root/catkin_ws/build/CMakeFiles/CMakeTmp/CheckSymbolExists.cxx:
/* */
#include <QtCore/qglobal.h>

int main(int argc, char** argv)
{
  (void)argv;
#ifndef Q_WS_MAC
  return ((int*)(&Q_WS_MAC))[argc];
#else
  (void)argc;
  return 0;
#endif
}

